<?xml version="1.0" encoding="UTF-8"?>
<!-- Generated by org.testng.reporters.JUnitXMLReporter -->
<testsuite hostname="RaghuLaptop" name="ParallelTestGalaxy10e" tests="1" failures="1" timestamp="16 Dec 2020 12:37:40 GMT" time="35.486" errors="0">
  <testcase name="launchAndSearchWikipediaApp_BrowserStackAndriod" time="0.508" classname="com.browserstack.run_parallel_test.ParallelTest">
    <failure type="java.lang.NullPointerException">
      <![CDATA[java.lang.NullPointerException
	at com.browserstack.run_parallel_test.ParallelTest.launchAndSearchWikipediaApp_BrowserStackAndriod(ParallelTest.java:27)
	at java.util.concurrent.FutureTask.run(Unknown Source)
	at java.util.concurrent.ThreadPoolExecutor.runWorker(Unknown Source)
	at java.util.concurrent.ThreadPoolExecutor$Worker.run(Unknown Source)
	at java.lang.Thread.run(Unknown Source)
... Removed 16 stack frames]]>
    </failure>
  </testcase> <!-- launchAndSearchWikipediaApp_BrowserStackAndriod -->
</testsuite> <!-- ParallelTestGalaxy10e -->
